h:\visual c++\duilib\stl_to_off\duilib\build\debug\duilib.pch
h:\visual c++\duilib\stl_to_off\duilib\build\debug\vc140.pdb
h:\visual c++\duilib\stl_to_off\duilib\build\debug\vc140.idb
h:\visual c++\duilib\stl_to_off\duilib\build\debug\stdafx.obj
h:\visual c++\duilib\stl_to_off\duilib\build\debug\uislider.obj
h:\visual c++\duilib\stl_to_off\duilib\build\debug\uitext.obj
h:\visual c++\duilib\stl_to_off\duilib\build\debug\uitreeview.obj
h:\visual c++\duilib\stl_to_off\duilib\build\debug\uiwebbrowser.obj
h:\visual c++\duilib\stl_to_off\duilib\build\debug\uibase.obj
h:\visual c++\duilib\stl_to_off\duilib\build\debug\uicontainer.obj
h:\visual c++\duilib\stl_to_off\duilib\build\debug\uicontrol.obj
h:\visual c++\duilib\stl_to_off\duilib\build\debug\uidlgbuilder.obj
h:\visual c++\duilib\stl_to_off\duilib\build\debug\uimanager.obj
h:\visual c++\duilib\stl_to_off\duilib\build\debug\uimarkup.obj
h:\visual c++\duilib\stl_to_off\duilib\build\debug\uirender.obj
h:\visual c++\duilib\stl_to_off\duilib\build\debug\uichildlayout.obj
h:\visual c++\duilib\stl_to_off\duilib\build\debug\uihorizontallayout.obj
h:\visual c++\duilib\stl_to_off\duilib\build\debug\uitablayout.obj
h:\visual c++\duilib\stl_to_off\duilib\build\debug\uitilelayout.obj
h:\visual c++\duilib\stl_to_off\duilib\build\debug\uiverticallayout.obj
h:\visual c++\duilib\stl_to_off\duilib\build\debug\uilib.obj
h:\visual c++\duilib\stl_to_off\duilib\build\debug\uidelegate.obj
h:\visual c++\duilib\stl_to_off\duilib\build\debug\utils.obj
h:\visual c++\duilib\stl_to_off\duilib\build\debug\winimplbase.obj
h:\visual c++\duilib\stl_to_off\duilib\build\debug\uiactivex.obj
h:\visual c++\duilib\stl_to_off\duilib\build\debug\uibutton.obj
h:\visual c++\duilib\stl_to_off\duilib\build\debug\uicheckbox.obj
h:\visual c++\duilib\stl_to_off\duilib\build\debug\uicombo.obj
h:\visual c++\duilib\stl_to_off\duilib\build\debug\uicombobox.obj
h:\visual c++\duilib\stl_to_off\duilib\build\debug\uidatetime.obj
h:\visual c++\duilib\stl_to_off\duilib\build\debug\uiedit.obj
h:\visual c++\duilib\stl_to_off\duilib\build\debug\uilabel.obj
h:\visual c++\duilib\stl_to_off\duilib\build\debug\uilist.obj
h:\visual c++\duilib\stl_to_off\duilib\build\debug\uioption.obj
h:\visual c++\duilib\stl_to_off\duilib\build\debug\uiprogress.obj
h:\visual c++\duilib\stl_to_off\duilib\build\debug\uirichedit.obj
h:\visual c++\duilib\stl_to_off\duilib\build\debug\uiscrollbar.obj
h:\visual c++\duilib\stl_to_off\duilib\build\debug\stb_image.obj
h:\visual c++\duilib\stl_to_off\duilib\build\debug\xunzip.obj
h:\visual c++\duilib\stl_to_off\lib\duilib_d.lib
h:\visual c++\duilib\stl_to_off\lib\duilib_d.exp
h:\visual c++\duilib\stl_to_off\bin\duilib_d.dll
h:\visual c++\duilib\stl_to_off\duilib\build\debug\duilib.pdb
h:\visual c++\duilib\stl_to_off\duilib\build\debug\duilib.tlog\cl.command.1.tlog
h:\visual c++\duilib\stl_to_off\duilib\build\debug\duilib.tlog\cl.read.1.tlog
h:\visual c++\duilib\stl_to_off\duilib\build\debug\duilib.tlog\cl.write.1.tlog
h:\visual c++\duilib\stl_to_off\duilib\build\debug\duilib.tlog\duilib.write.1u.tlog
h:\visual c++\duilib\stl_to_off\duilib\build\debug\duilib.tlog\link.command.1.tlog
h:\visual c++\duilib\stl_to_off\duilib\build\debug\duilib.tlog\link.read.1.tlog
h:\visual c++\duilib\stl_to_off\duilib\build\debug\duilib.tlog\link.write.1.tlog
